<?xml version="1.0" encoding="UTF-8"?>
<!-- Generated by org.testng.reporters.JUnitReportReporter -->
<testsuite skipped="0" hostname="DESKTOP-K6GQ11J" name="tests.testAPI" tests="1" failures="0" timestamp="2021-05-25T22:33:46 IST" time="0.868" errors="0">
  <testcase name="login" time="0.868" classname="tests.testAPI"/>
  <system-out/>
</testsuite> <!-- tests.testAPI -->
